import libmesh failed!
import libmesh failed!
import libmesh failed!
grasps_per_worker :  100000
GRASPS_PER_SCENE :  120
grasps_per_worker // GRASPS_PER_SCENE :  833
Process 11 finished!
import libmesh failed!
grasps_per_worker :  100000
GRASPS_PER_SCENE :  120
grasps_per_worker // GRASPS_PER_SCENE :  833
Process 17 finished!
import libmesh failed!
grasps_per_worker :  100000
GRASPS_PER_SCENE :  120
grasps_per_worker // GRASPS_PER_SCENE :  833
Point cloud empty, skipping scene
Process 31 finished!
import libmesh failed!
grasps_per_worker :  100000
GRASPS_PER_SCENE :  120
grasps_per_worker // GRASPS_PER_SCENE :  833
Point cloud empty, skipping scene
Process 36 finished!
import libmesh failed!
grasps_per_worker :  100000
GRASPS_PER_SCENE :  120
grasps_per_worker // GRASPS_PER_SCENE :  833
Process 37 finished!
argv[0]=
argv[0]=
argv[0]=
argv[0]=
import libmesh failed!
grasps_per_worker :  100000
GRASPS_PER_SCENE :  120
grasps_per_worker // GRASPS_PER_SCENE :  833
Point cloud empty, skipping scene
Point cloud empty, skipping scene
Process 35 finished!
argv[0]=
argv[0]=
import libmesh failed!
grasps_per_worker :  100000
GRASPS_PER_SCENE :  120
grasps_per_worker // GRASPS_PER_SCENE :  833
Process 8 finished!
import libmesh failed!
grasps_per_worker :  100000
GRASPS_PER_SCENE :  120
grasps_per_worker // GRASPS_PER_SCENE :  833
Process 20 finished!
argv[0]=
import libmesh failed!
grasps_per_worker :  100000
GRASPS_PER_SCENE :  120
grasps_per_worker // GRASPS_PER_SCENE :  833
Process 29 finished!
argv[0]=
import libmesh failed!
grasps_per_worker :  100000
GRASPS_PER_SCENE :  120
grasps_per_worker // GRASPS_PER_SCENE :  833
Process 16 finished!
argv[0]=
import libmesh failed!
grasps_per_worker :  100000
GRASPS_PER_SCENE :  120
grasps_per_worker // GRASPS_PER_SCENE :  833
Point cloud empty, skipping scene
Process 34 finished!
argv[0]=
import libmesh failed!
grasps_per_worker :  100000
GRASPS_PER_SCENE :  120
grasps_per_worker // GRASPS_PER_SCENE :  833
Process 21 finished!
argv[0]=
import libmesh failed!
grasps_per_worker :  100000
GRASPS_PER_SCENE :  120
grasps_per_worker // GRASPS_PER_SCENE :  833
Process 5 finished!
argv[0]=
import libmesh failed!
grasps_per_worker :  100000
GRASPS_PER_SCENE :  120
grasps_per_worker // GRASPS_PER_SCENE :  833
Process 30 finished!
import libmesh failed!
grasps_per_worker :  100000
GRASPS_PER_SCENE :  120
grasps_per_worker // GRASPS_PER_SCENE :  833
Process 3 finished!
argv[0]=
import libmesh failed!
grasps_per_worker :  100000
GRASPS_PER_SCENE :  120
grasps_per_worker // GRASPS_PER_SCENE :  833
Process 19 finished!
argv[0]=
import libmesh failed!
grasps_per_worker :  100000
GRASPS_PER_SCENE :  120
grasps_per_worker // GRASPS_PER_SCENE :  833
Process 39 finished!
argv[0]=
import libmesh failed!
grasps_per_worker :  100000
GRASPS_PER_SCENE :  120
grasps_per_worker // GRASPS_PER_SCENE :  833
Process 26 finished!
argv[0]=
import libmesh failed!
grasps_per_worker :  100000
GRASPS_PER_SCENE :  120
grasps_per_worker // GRASPS_PER_SCENE :  833
Point cloud empty, skipping scene
Process 32 finished!
argv[0]=
import libmesh failed!
grasps_per_worker :  100000
GRASPS_PER_SCENE :  120
grasps_per_worker // GRASPS_PER_SCENE :  833
Process 18 finished!
argv[0]=
import libmesh failed!
grasps_per_worker :  100000
GRASPS_PER_SCENE :  120
grasps_per_worker // GRASPS_PER_SCENE :  833
Process 22 finished!
argv[0]=
import libmesh failed!
grasps_per_worker :  100000
GRASPS_PER_SCENE :  120
grasps_per_worker // GRASPS_PER_SCENE :  833
Process 33 finished!
import libmesh failed!
grasps_per_worker :  100000
GRASPS_PER_SCENE :  120
grasps_per_worker // GRASPS_PER_SCENE :  833
Process 10 finished!
argv[0]=
import libmesh failed!
grasps_per_worker :  100000
GRASPS_PER_SCENE :  120
grasps_per_worker // GRASPS_PER_SCENE :  833
Process 4 finished!
argv[0]=
import libmesh failed!
grasps_per_worker :  100000
GRASPS_PER_SCENE :  120
grasps_per_worker // GRASPS_PER_SCENE :  833
Process 23 finished!
argv[0]=
import libmesh failed!
grasps_per_worker :  100000
GRASPS_PER_SCENE :  120
grasps_per_worker // GRASPS_PER_SCENE :  833
Process 9 finished!
argv[0]=
import libmesh failed!
grasps_per_worker :  100000
GRASPS_PER_SCENE :  120
grasps_per_worker // GRASPS_PER_SCENE :  833
Process 25 finished!
argv[0]=
import libmesh failed!
grasps_per_worker :  100000
GRASPS_PER_SCENE :  120
grasps_per_worker // GRASPS_PER_SCENE :  833
Process 1 finished!
argv[0]=
import libmesh failed!
grasps_per_worker :  100000
GRASPS_PER_SCENE :  120
grasps_per_worker // GRASPS_PER_SCENE :  833
Process 13 finished!
argv[0]=
import libmesh failed!
grasps_per_worker :  100000
GRASPS_PER_SCENE :  120
grasps_per_worker // GRASPS_PER_SCENE :  833
Process 6 finished!
argv[0]=
import libmesh failed!
grasps_per_worker :  100000
GRASPS_PER_SCENE :  120
grasps_per_worker // GRASPS_PER_SCENE :  833
Process 15 finished!
argv[0]=
import libmesh failed!
grasps_per_worker :  100000
GRASPS_PER_SCENE :  120
grasps_per_worker // GRASPS_PER_SCENE :  833
Process 27 finished!
argv[0]=
argv[0]=
import libmesh failed!
grasps_per_worker :  100000
GRASPS_PER_SCENE :  120
grasps_per_worker // GRASPS_PER_SCENE :  833
Process 12 finished!
argv[0]=
import libmesh failed!
grasps_per_worker :  100000
GRASPS_PER_SCENE :  120
grasps_per_worker // GRASPS_PER_SCENE :  833
Point cloud empty, skipping scene
Process 14 finished!
argv[0]=
import libmesh failed!
grasps_per_worker :  100000
GRASPS_PER_SCENE :  120
grasps_per_worker // GRASPS_PER_SCENE :  833
Point cloud empty, skipping scene
Process 28 finished!
argv[0]=
grasps_per_worker :  100000
GRASPS_PER_SCENE :  120
grasps_per_worker // GRASPS_PER_SCENE :  833
Point cloud empty, skipping scene
Process 0 finished!
argv[0]=
import libmesh failed!
grasps_per_worker :  100000
GRASPS_PER_SCENE :  120
grasps_per_worker // GRASPS_PER_SCENE :  833
Process 2 finished!
argv[0]=
import libmesh failed!
grasps_per_worker :  100000
GRASPS_PER_SCENE :  120
grasps_per_worker // GRASPS_PER_SCENE :  833
Process 7 finished!
argv[0]=
import libmesh failed!
grasps_per_worker :  100000
GRASPS_PER_SCENE :  120
grasps_per_worker // GRASPS_PER_SCENE :  833
Point cloud empty, skipping scene
Process 24 finished!
import libmesh failed!
grasps_per_worker :  100000
GRASPS_PER_SCENE :  120
grasps_per_worker // GRASPS_PER_SCENE :  833
Point cloud empty, skipping scene
Process 38 finished!
argv[0]=
argv[0]=
argv[0]=
argv[0]=
