import libkdtree fail
The mesh_to_sdf package must be imported before pyrender is imported.
pynput not installed, cannot listen to esc key
Using /lustre/fswork/projects/rech/tya/ubn15wo/CenterGrasp/ckpt_rgb/12c7ven5/epoch=99-step=624700.ckpt
Using model class from: /lustre/fswork/projects/rech/tya/ubn15wo/CenterGrasp/centergrasp/rgb/centergrasp_net.py
Using /lustre/fswork/projects/rech/tya/ubn15wo/CenterGrasp/ckpt_sgdf/9vkd9370/epoch=99-step=31300.ckpt
Using /lustre/fswork/projects/rech/tya/ubn15wo/CenterGrasp/ckpt_rgb/12c7ven5/epoch=99-step=624700.ckpt
Using model class from: /lustre/fswork/projects/rech/tya/ubn15wo/CenterGrasp/centergrasp/rgb/centergrasp_net.py
Using /lustre/fswork/projects/rech/tya/ubn15wo/CenterGrasp/ckpt_sgdf/9vkd9370/epoch=99-step=31300.ckpt
Loading [giga] model from /lustre/fswork/projects/rech/tya/ubn15wo/GIGA/data/models/giga_packed.pt
centergrasp bi:	22.3
centergrasp iou:	0.3512106432020664
centergrasp_noicp bi:	55.9
centergrasp_noicp iou:	0.09670474936254322
giga bi:	35.5
giga iou:	0.18302485786378384
Done
import libkdtree fail
The mesh_to_sdf package must be imported before pyrender is imported.
pynput not installed, cannot listen to esc key
Using /lustre/fswork/projects/rech/tya/ubn15wo/CenterGrasp/ckpt_rgb/12c7ven5/epoch=99-step=624700.ckpt
Using model class from: /lustre/fswork/projects/rech/tya/ubn15wo/CenterGrasp/centergrasp/rgb/centergrasp_net.py
Using /lustre/fswork/projects/rech/tya/ubn15wo/CenterGrasp/ckpt_sgdf/9vkd9370/epoch=99-step=31300.ckpt
Using /lustre/fswork/projects/rech/tya/ubn15wo/CenterGrasp/ckpt_rgb/12c7ven5/epoch=99-step=624700.ckpt
Using model class from: /lustre/fswork/projects/rech/tya/ubn15wo/CenterGrasp/centergrasp/rgb/centergrasp_net.py
Using /lustre/fswork/projects/rech/tya/ubn15wo/CenterGrasp/ckpt_sgdf/9vkd9370/epoch=99-step=31300.ckpt
Loading [giga] model from /lustre/fswork/projects/rech/tya/ubn15wo/GIGA/data/models/giga_packed.pt
centergrasp bi:	23.5
centergrasp iou:	0.32843172214925287
centergrasp_noicp bi:	56.8
centergrasp_noicp iou:	0.09548937211045995
giga bi:	35.7
giga iou:	0.17945255376398564
Done
import libkdtree fail
The mesh_to_sdf package must be imported before pyrender is imported.
pynput not installed, cannot listen to esc key
Using /lustre/fswork/projects/rech/tya/ubn15wo/CenterGrasp/ckpt_rgb/12c7ven5/epoch=99-step=624700.ckpt
Using model class from: /lustre/fswork/projects/rech/tya/ubn15wo/CenterGrasp/centergrasp/rgb/centergrasp_net.py
Using /lustre/fswork/projects/rech/tya/ubn15wo/CenterGrasp/ckpt_sgdf/9vkd9370/epoch=99-step=31300.ckpt
Using /lustre/fswork/projects/rech/tya/ubn15wo/CenterGrasp/ckpt_rgb/12c7ven5/epoch=99-step=624700.ckpt
Using model class from: /lustre/fswork/projects/rech/tya/ubn15wo/CenterGrasp/centergrasp/rgb/centergrasp_net.py
Using /lustre/fswork/projects/rech/tya/ubn15wo/CenterGrasp/ckpt_sgdf/9vkd9370/epoch=99-step=31300.ckpt
Loading [giga] model from /lustre/fswork/projects/rech/tya/ubn15wo/GIGA/data/models/giga_packed.pt
centergrasp bi:	23.8
centergrasp iou:	0.3329917197674513
centergrasp_noicp bi:	53.8
centergrasp_noicp iou:	0.1041047090908978
giga bi:	35.3
giga iou:	0.1855218593776226
Done
import libkdtree fail
The mesh_to_sdf package must be imported before pyrender is imported.
pynput not installed, cannot listen to esc key
Using /lustre/fswork/projects/rech/tya/ubn15wo/CenterGrasp/ckpt_rgb/12c7ven5/epoch=99-step=624700.ckpt
Using model class from: /lustre/fswork/projects/rech/tya/ubn15wo/CenterGrasp/centergrasp/rgb/centergrasp_net.py
Using /lustre/fswork/projects/rech/tya/ubn15wo/CenterGrasp/ckpt_sgdf/9vkd9370/epoch=99-step=31300.ckpt
Using /lustre/fswork/projects/rech/tya/ubn15wo/CenterGrasp/ckpt_rgb/12c7ven5/epoch=99-step=624700.ckpt
Using model class from: /lustre/fswork/projects/rech/tya/ubn15wo/CenterGrasp/centergrasp/rgb/centergrasp_net.py
Using /lustre/fswork/projects/rech/tya/ubn15wo/CenterGrasp/ckpt_sgdf/9vkd9370/epoch=99-step=31300.ckpt
Loading [giga] model from /lustre/fswork/projects/rech/tya/ubn15wo/GIGA/data/models/giga_packed.pt
centergrasp bi:	15.6
centergrasp iou:	0.65806865721941
centergrasp_noicp bi:	53.9
centergrasp_noicp iou:	0.20721571240574121
giga bi:	71.3
giga iou:	0.09485123544931412
Done
import libmesh failed!
import libmesh failed!
import libmesh failed!
import libmesh failed!
import libmesh failed!
import libmesh failed!
import libmesh failed!
import libmesh failed!
