pynput not installed, cannot listen to esc key
pynput not installed, cannot listen to esc key
pynput not installed, cannot listen to esc key
pynput not installed, cannot listen to esc key
pynput not installed, cannot listen to esc key
pynput not installed, cannot listen to esc key
pynput not installed, cannot listen to esc key
pynput not installed, cannot listen to esc key
pynput not installed, cannot listen to esc key
pynput not installed, cannot listen to esc key
pynput not installed, cannot listen to esc key
/lustre/fswork/projects/rech/tya/ubn15wo/GIGA/data/urdfs/packed/train/Clown_800_tex_visual.obj (0.7)
/lustre/fswork/projects/rech/tya/ubn15wo/GIGA/data/urdfs/packed/train/Clown_800_tex_visual.obj (0.85)
/lustre/fswork/projects/rech/tya/ubn15wo/GIGA/data/urdfs/packed/train/Clown_800_tex_visual.obj (1.0)
/lustre/fswork/projects/rech/tya/ubn15wo/GIGA/data/urdfs/packed/train/CoffeeFilters_800_tex_visual.obj (0.7)
/lustre/fswork/projects/rech/tya/ubn15wo/GIGA/data/urdfs/packed/train/CoffeeFilters_800_tex_visual.obj (0.85)
/lustre/fswork/projects/rech/tya/ubn15wo/GIGA/data/urdfs/packed/train/CoffeeFilters_800_tex_visual.obj (1.0)
/lustre/fswork/projects/rech/tya/ubn15wo/GIGA/data/urdfs/packed/train/ChocMarshmallows_800_tex_visual.obj (0.7)
/lustre/fswork/projects/rech/tya/ubn15wo/GIGA/data/urdfs/packed/train/ChocMarshmallows_800_tex_visual.obj (0.85)
/lustre/fswork/projects/rech/tya/ubn15wo/GIGA/data/urdfs/packed/train/ChocMarshmallows_800_tex_visual.obj (1.0)
/lustre/fswork/projects/rech/tya/ubn15wo/GIGA/data/urdfs/packed/train/CokePlasticLarge_800_tex_visual.obj (0.7)
/lustre/fswork/projects/rech/tya/ubn15wo/GIGA/data/urdfs/packed/train/CokePlasticLarge_800_tex_visual.obj (0.85)
/lustre/fswork/projects/rech/tya/ubn15wo/GIGA/data/urdfs/packed/train/CokePlasticLarge_800_tex_visual.obj (1.0)
/lustre/fswork/projects/rech/tya/ubn15wo/GIGA/data/urdfs/packed/train/CokePlasticSmall_800_tex_visual.obj (0.7)
/lustre/fswork/projects/rech/tya/ubn15wo/GIGA/data/urdfs/packed/train/CokePlasticSmall_800_tex_visual.obj (0.85)
/lustre/fswork/projects/rech/tya/ubn15wo/GIGA/data/urdfs/packed/train/CokePlasticSmall_800_tex_visual.obj (1.0)
/lustre/fswork/projects/rech/tya/ubn15wo/GIGA/data/urdfs/packed/train/BathDetergent_800_tex_visual.obj (0.7)
/lustre/fswork/projects/rech/tya/ubn15wo/GIGA/data/urdfs/packed/train/BathDetergent_800_tex_visual.obj (0.85)
/lustre/fswork/projects/rech/tya/ubn15wo/GIGA/data/urdfs/packed/train/BathDetergent_800_tex_visual.obj (1.0)
/lustre/fswork/projects/rech/tya/ubn15wo/GIGA/data/urdfs/packed/train/Amicelli_800_tex_visual.obj (0.7)
/lustre/fswork/projects/rech/tya/ubn15wo/GIGA/data/urdfs/packed/train/Amicelli_800_tex_visual.obj (0.85)
/lustre/fswork/projects/rech/tya/ubn15wo/GIGA/data/urdfs/packed/train/Amicelli_800_tex_visual.obj (1.0)
/lustre/fswork/projects/rech/tya/ubn15wo/GIGA/data/urdfs/packed/train/BlueSaltCube_800_tex_visual.obj (0.7)
/lustre/fswork/projects/rech/tya/ubn15wo/GIGA/data/urdfs/packed/train/BlueSaltCube_800_tex_visual.obj (0.85)
/lustre/fswork/projects/rech/tya/ubn15wo/GIGA/data/urdfs/packed/train/BlueSaltCube_800_tex_visual.obj (1.0)
/lustre/fswork/projects/rech/tya/ubn15wo/GIGA/data/urdfs/packed/train/ChoppedTomatoes_800_tex_visual.obj (0.7)
/lustre/fswork/projects/rech/tya/ubn15wo/GIGA/data/urdfs/packed/train/ChoppedTomatoes_800_tex_visual.obj (0.85)
/lustre/fswork/projects/rech/tya/ubn15wo/GIGA/data/urdfs/packed/train/ChoppedTomatoes_800_tex_visual.obj (1.0)
/lustre/fswork/projects/rech/tya/ubn15wo/GIGA/data/urdfs/packed/train/BakingSoda_800_tex_visual.obj (0.7)
/lustre/fswork/projects/rech/tya/ubn15wo/GIGA/data/urdfs/packed/train/BakingSoda_800_tex_visual.obj (0.85)
/lustre/fswork/projects/rech/tya/ubn15wo/GIGA/data/urdfs/packed/train/BakingSoda_800_tex_visual.obj (1.0)
/lustre/fswork/projects/rech/tya/ubn15wo/GIGA/data/urdfs/packed/train/CoughDropsBerries_800_tex_visual.obj (0.7)
/lustre/fswork/projects/rech/tya/ubn15wo/GIGA/data/urdfs/packed/train/CoughDropsBerries_800_tex_visual.obj (0.85)
/lustre/fswork/projects/rech/tya/ubn15wo/GIGA/data/urdfs/packed/train/CoughDropsBerries_800_tex_visual.obj (1.0)
/lustre/fswork/projects/rech/tya/ubn15wo/GIGA/data/urdfs/packed/train/CoughDropsHoney_800_tex_visual.obj (0.7)
/lustre/fswork/projects/rech/tya/ubn15wo/GIGA/data/urdfs/packed/train/CoughDropsHoney_800_tex_visual.obj (0.85)
/lustre/fswork/projects/rech/tya/ubn15wo/GIGA/data/urdfs/packed/train/CoughDropsHoney_800_tex_visual.obj (1.0)
/lustre/fswork/projects/rech/tya/ubn15wo/GIGA/data/urdfs/packed/train/DanishHam_800_tex_visual.obj (0.7)
/lustre/fswork/projects/rech/tya/ubn15wo/GIGA/data/urdfs/packed/train/DanishHam_800_tex_visual.obj (0.85)
/lustre/fswork/projects/rech/tya/ubn15wo/GIGA/data/urdfs/packed/train/DanishHam_800_tex_visual.obj (1.0)
/lustre/fswork/projects/rech/tya/ubn15wo/GIGA/data/urdfs/packed/train/Curry_800_tex_visual.obj (0.7)
/lustre/fswork/projects/rech/tya/ubn15wo/GIGA/data/urdfs/packed/train/Curry_800_tex_visual.obj (0.85)
/lustre/fswork/projects/rech/tya/ubn15wo/GIGA/data/urdfs/packed/train/Curry_800_tex_visual.obj (1.0)
/lustre/fswork/projects/rech/tya/ubn15wo/GIGA/data/urdfs/packed/train/DropsCherry_800_tex_visual.obj (0.7)
/lustre/fswork/projects/rech/tya/ubn15wo/GIGA/data/urdfs/packed/train/DropsCherry_800_tex_visual.obj (0.85)
/lustre/fswork/projects/rech/tya/ubn15wo/GIGA/data/urdfs/packed/train/DropsCherry_800_tex_visual.obj (1.0)
/lustre/fswork/projects/rech/tya/ubn15wo/GIGA/data/urdfs/packed/train/FruitBars_800_tex_visual.obj (0.7)
/lustre/fswork/projects/rech/tya/ubn15wo/GIGA/data/urdfs/packed/train/FruitBars_800_tex_visual.obj (0.85)
/lustre/fswork/projects/rech/tya/ubn15wo/GIGA/data/urdfs/packed/train/FruitBars_800_tex_visual.obj (1.0)
/lustre/fswork/projects/rech/tya/ubn15wo/GIGA/data/urdfs/packed/train/Dwarf_800_tex_visual.obj (0.7)
/lustre/fswork/projects/rech/tya/ubn15wo/GIGA/data/urdfs/packed/train/Dwarf_800_tex_visual.obj (0.85)
/lustre/fswork/projects/rech/tya/ubn15wo/GIGA/data/urdfs/packed/train/Dwarf_800_tex_visual.obj (1.0)
/lustre/fswork/projects/rech/tya/ubn15wo/GIGA/data/urdfs/packed/train/HamburgerSauce_800_tex_visual.obj (0.7)
/lustre/fswork/projects/rech/tya/ubn15wo/GIGA/data/urdfs/packed/train/HamburgerSauce_800_tex_visual.obj (0.85)
/lustre/fswork/projects/rech/tya/ubn15wo/GIGA/data/urdfs/packed/train/HamburgerSauce_800_tex_visual.obj (1.0)
/lustre/fswork/projects/rech/tya/ubn15wo/GIGA/data/urdfs/packed/train/Deodorant_800_tex_visual.obj (0.7)
/lustre/fswork/projects/rech/tya/ubn15wo/GIGA/data/urdfs/packed/train/Deodorant_800_tex_visual.obj (0.85)
/lustre/fswork/projects/rech/tya/ubn15wo/GIGA/data/urdfs/packed/train/Deodorant_800_tex_visual.obj (1.0)
/lustre/fswork/projects/rech/tya/ubn15wo/GIGA/data/urdfs/packed/train/GreenSaltCylinder_800_tex_visual.obj (0.7)
/lustre/fswork/projects/rech/tya/ubn15wo/GIGA/data/urdfs/packed/train/GreenSaltCylinder_800_tex_visual.obj (0.85)
/lustre/fswork/projects/rech/tya/ubn15wo/GIGA/data/urdfs/packed/train/GreenSaltCylinder_800_tex_visual.obj (1.0)
/lustre/fswork/projects/rech/tya/ubn15wo/GIGA/data/urdfs/packed/train/HerbSalt_800_tex_visual.obj (0.7)
/lustre/fswork/projects/rech/tya/ubn15wo/GIGA/data/urdfs/packed/train/HerbSalt_800_tex_visual.obj (0.85)
/lustre/fswork/projects/rech/tya/ubn15wo/GIGA/data/urdfs/packed/train/HerbSalt_800_tex_visual.obj (1.0)
/lustre/fswork/projects/rech/tya/ubn15wo/GIGA/data/urdfs/packed/train/HeringTin_800_tex_visual.obj (0.7)
/lustre/fswork/projects/rech/tya/ubn15wo/GIGA/data/urdfs/packed/train/HeringTin_800_tex_visual.obj (0.85)
/lustre/fswork/projects/rech/tya/ubn15wo/GIGA/data/urdfs/packed/train/HeringTin_800_tex_visual.obj (1.0)
/lustre/fswork/projects/rech/tya/ubn15wo/GIGA/data/urdfs/packed/train/HotPot_800_tex_visual.obj (0.7)
/lustre/fswork/projects/rech/tya/ubn15wo/GIGA/data/urdfs/packed/train/HotPot_800_tex_visual.obj (0.85)
/lustre/fswork/projects/rech/tya/ubn15wo/GIGA/data/urdfs/packed/train/HotPot_800_tex_visual.obj (1.0)
/lustre/fswork/projects/rech/tya/ubn15wo/GIGA/data/urdfs/packed/train/InstantMousse_800_tex_visual.obj (0.7)
/lustre/fswork/projects/rech/tya/ubn15wo/GIGA/data/urdfs/packed/train/InstantMousse_800_tex_visual.obj (0.85)
/lustre/fswork/projects/rech/tya/ubn15wo/GIGA/data/urdfs/packed/train/InstantMousse_800_tex_visual.obj (1.0)
/lustre/fswork/projects/rech/tya/ubn15wo/GIGA/data/urdfs/packed/train/InstantDumplings_800_tex_visual.obj (0.7)
/lustre/fswork/projects/rech/tya/ubn15wo/GIGA/data/urdfs/packed/train/InstantDumplings_800_tex_visual.obj (0.85)
/lustre/fswork/projects/rech/tya/ubn15wo/GIGA/data/urdfs/packed/train/InstantDumplings_800_tex_visual.obj (1.0)
/lustre/fswork/projects/rech/tya/ubn15wo/GIGA/data/urdfs/packed/train/HygieneSpray_800_tex_visual.obj (0.7)
/lustre/fswork/projects/rech/tya/ubn15wo/GIGA/data/urdfs/packed/train/HygieneSpray_800_tex_visual.obj (0.85)
/lustre/fswork/projects/rech/tya/ubn15wo/GIGA/data/urdfs/packed/train/HygieneSpray_800_tex_visual.obj (1.0)
/lustre/fswork/projects/rech/tya/ubn15wo/GIGA/data/urdfs/packed/train/InstantTomatoSoup_800_tex_visual.obj (0.7)
/lustre/fswork/projects/rech/tya/ubn15wo/GIGA/data/urdfs/packed/train/InstantTomatoSoup_800_tex_visual.obj (0.85)
/lustre/fswork/projects/rech/tya/ubn15wo/GIGA/data/urdfs/packed/train/InstantTomatoSoup_800_tex_visual.obj (1.0)
/lustre/fswork/projects/rech/tya/ubn15wo/GIGA/data/urdfs/packed/train/InstantSauce_800_tex_visual.obj (0.7)
/lustre/fswork/projects/rech/tya/ubn15wo/GIGA/data/urdfs/packed/train/InstantSauce_800_tex_visual.obj (0.85)
/lustre/fswork/projects/rech/tya/ubn15wo/GIGA/data/urdfs/packed/train/InstantSauce_800_tex_visual.obj (1.0)
/lustre/fswork/projects/rech/tya/ubn15wo/GIGA/data/urdfs/packed/train/InstantIceCoffee_800_tex_visual.obj (0.7)
/lustre/fswork/projects/rech/tya/ubn15wo/GIGA/data/urdfs/packed/train/InstantIceCoffee_800_tex_visual.obj (0.85)
/lustre/fswork/projects/rech/tya/ubn15wo/GIGA/data/urdfs/packed/train/InstantIceCoffee_800_tex_visual.obj (1.0)
/lustre/fswork/projects/rech/tya/ubn15wo/GIGA/data/urdfs/packed/train/InstantSauce2_800_tex_visual.obj (0.7)
/lustre/fswork/projects/rech/tya/ubn15wo/GIGA/data/urdfs/packed/train/InstantSauce2_800_tex_visual.obj (0.85)
/lustre/fswork/projects/rech/tya/ubn15wo/GIGA/data/urdfs/packed/train/InstantSauce2_800_tex_visual.obj (1.0)
/lustre/fswork/projects/rech/tya/ubn15wo/GIGA/data/urdfs/packed/train/Knaeckebrot_800_tex_visual.obj (0.7)
/lustre/fswork/projects/rech/tya/ubn15wo/GIGA/data/urdfs/packed/train/Knaeckebrot_800_tex_visual.obj (0.85)
/lustre/fswork/projects/rech/tya/ubn15wo/GIGA/data/urdfs/packed/train/Knaeckebrot_800_tex_visual.obj (1.0)
/lustre/fswork/projects/rech/tya/ubn15wo/GIGA/data/urdfs/packed/train/JamSugar_800_tex_visual.obj (0.7)
/lustre/fswork/projects/rech/tya/ubn15wo/GIGA/data/urdfs/packed/train/JamSugar_800_tex_visual.obj (0.85)
/lustre/fswork/projects/rech/tya/ubn15wo/GIGA/data/urdfs/packed/train/JamSugar_800_tex_visual.obj (1.0)
/lustre/fswork/projects/rech/tya/ubn15wo/GIGA/data/urdfs/packed/train/LivioClassicOil_800_tex_visual.obj (0.7)
/lustre/fswork/projects/rech/tya/ubn15wo/GIGA/data/urdfs/packed/train/LivioClassicOil_800_tex_visual.obj (0.85)
/lustre/fswork/projects/rech/tya/ubn15wo/GIGA/data/urdfs/packed/train/LivioClassicOil_800_tex_visual.obj (1.0)
/lustre/fswork/projects/rech/tya/ubn15wo/GIGA/data/urdfs/packed/train/MilkRice_800_tex_visual.obj (0.7)
/lustre/fswork/projects/rech/tya/ubn15wo/GIGA/data/urdfs/packed/train/MilkRice_800_tex_visual.obj (0.85)
/lustre/fswork/projects/rech/tya/ubn15wo/GIGA/data/urdfs/packed/train/MilkRice_800_tex_visual.obj (1.0)
/lustre/fswork/projects/rech/tya/ubn15wo/GIGA/data/urdfs/packed/train/NutellaGo_800_tex_visual.obj (0.7)
/lustre/fswork/projects/rech/tya/ubn15wo/GIGA/data/urdfs/packed/train/NutellaGo_800_tex_visual.obj (0.85)
/lustre/fswork/projects/rech/tya/ubn15wo/GIGA/data/urdfs/packed/train/NutellaGo_800_tex_visual.obj (1.0)
/lustre/fswork/projects/rech/tya/ubn15wo/GIGA/data/urdfs/packed/train/MuesliBars_800_tex_visual.obj (0.7)
/lustre/fswork/projects/rech/tya/ubn15wo/GIGA/data/urdfs/packed/train/MuesliBars_800_tex_visual.obj (0.85)
/lustre/fswork/projects/rech/tya/ubn15wo/GIGA/data/urdfs/packed/train/MuesliBars_800_tex_visual.obj (1.0)
/lustre/fswork/projects/rech/tya/ubn15wo/GIGA/data/urdfs/packed/train/MelforBottle_800_tex_visual.obj (0.7)
/lustre/fswork/projects/rech/tya/ubn15wo/GIGA/data/urdfs/packed/train/MelforBottle_800_tex_visual.obj (0.85)
/lustre/fswork/projects/rech/tya/ubn15wo/GIGA/data/urdfs/packed/train/MelforBottle_800_tex_visual.obj (1.0)
/lustre/fswork/projects/rech/tya/ubn15wo/GIGA/data/urdfs/packed/train/MilkDrinkVanilla_800_tex_visual.obj (0.7)
/lustre/fswork/projects/rech/tya/ubn15wo/GIGA/data/urdfs/packed/train/MilkDrinkVanilla_800_tex_visual.obj (0.85)
/lustre/fswork/projects/rech/tya/ubn15wo/GIGA/data/urdfs/packed/train/MilkDrinkVanilla_800_tex_visual.obj (1.0)
/lustre/fswork/projects/rech/tya/ubn15wo/GIGA/data/urdfs/packed/train/Marjoram_800_tex_visual.obj (0.7)
/lustre/fswork/projects/rech/tya/ubn15wo/GIGA/data/urdfs/packed/train/Marjoram_800_tex_visual.obj (0.85)
/lustre/fswork/projects/rech/tya/ubn15wo/GIGA/data/urdfs/packed/train/Marjoram_800_tex_visual.obj (1.0)
/lustre/fswork/projects/rech/tya/ubn15wo/GIGA/data/urdfs/packed/train/Patches_800_tex_visual.obj (0.7)
/lustre/fswork/projects/rech/tya/ubn15wo/GIGA/data/urdfs/packed/train/Patches_800_tex_visual.obj (0.85)
/lustre/fswork/projects/rech/tya/ubn15wo/GIGA/data/urdfs/packed/train/Patches_800_tex_visual.obj (1.0)
/lustre/fswork/projects/rech/tya/ubn15wo/GIGA/data/urdfs/packed/train/OrgHerbTea_800_tex_visual.obj (0.7)
/lustre/fswork/projects/rech/tya/ubn15wo/GIGA/data/urdfs/packed/train/OrgHerbTea_800_tex_visual.obj (0.85)
/lustre/fswork/projects/rech/tya/ubn15wo/GIGA/data/urdfs/packed/train/OrgHerbTea_800_tex_visual.obj (1.0)
/lustre/fswork/projects/rech/tya/ubn15wo/GIGA/data/urdfs/packed/train/OrangeMarmelade_800_tex_visual.obj (0.7)
/lustre/fswork/projects/rech/tya/ubn15wo/GIGA/data/urdfs/packed/train/OrangeMarmelade_800_tex_visual.obj (0.85)
/lustre/fswork/projects/rech/tya/ubn15wo/GIGA/data/urdfs/packed/train/OrangeMarmelade_800_tex_visual.obj (1.0)
/lustre/fswork/projects/rech/tya/ubn15wo/GIGA/data/urdfs/packed/train/Peanuts2_800_tex_visual.obj (0.7)
/lustre/fswork/projects/rech/tya/ubn15wo/GIGA/data/urdfs/packed/train/Peanuts2_800_tex_visual.obj (0.85)
/lustre/fswork/projects/rech/tya/ubn15wo/GIGA/data/urdfs/packed/train/Peanuts2_800_tex_visual.obj (1.0)
/lustre/fswork/projects/rech/tya/ubn15wo/GIGA/data/urdfs/packed/train/PotatoeStarch_800_tex_visual.obj (0.7)
/lustre/fswork/projects/rech/tya/ubn15wo/GIGA/data/urdfs/packed/train/PotatoeStarch_800_tex_visual.obj (0.85)
/lustre/fswork/projects/rech/tya/ubn15wo/GIGA/data/urdfs/packed/train/PotatoeStarch_800_tex_visual.obj (1.0)
/lustre/fswork/projects/rech/tya/ubn15wo/GIGA/data/urdfs/packed/train/Peas_800_tex_visual.obj (0.7)
/lustre/fswork/projects/rech/tya/ubn15wo/GIGA/data/urdfs/packed/train/Peas_800_tex_visual.obj (0.85)
/lustre/fswork/projects/rech/tya/ubn15wo/GIGA/data/urdfs/packed/train/Peas_800_tex_visual.obj (1.0)
/lustre/fswork/projects/rech/tya/ubn15wo/GIGA/data/urdfs/packed/train/PineappleSlices_800_tex_visual.obj (0.7)
/lustre/fswork/projects/rech/tya/ubn15wo/GIGA/data/urdfs/packed/train/PineappleSlices_800_tex_visual.obj (0.85)
/lustre/fswork/projects/rech/tya/ubn15wo/GIGA/data/urdfs/packed/train/PineappleSlices_800_tex_visual.obj (1.0)
/lustre/fswork/projects/rech/tya/ubn15wo/GIGA/data/urdfs/packed/train/PowderedSugar_800_tex_visual.obj (0.7)
/lustre/fswork/projects/rech/tya/ubn15wo/GIGA/data/urdfs/packed/train/PowderedSugar_800_tex_visual.obj (0.85)
/lustre/fswork/projects/rech/tya/ubn15wo/GIGA/data/urdfs/packed/train/PowderedSugar_800_tex_visual.obj (1.0)
/lustre/fswork/projects/rech/tya/ubn15wo/GIGA/data/urdfs/packed/train/PowderedSugarMill_800_tex_visual.obj (0.7)
/lustre/fswork/projects/rech/tya/ubn15wo/GIGA/data/urdfs/packed/train/PowderedSugarMill_800_tex_visual.obj (0.85)
/lustre/fswork/projects/rech/tya/ubn15wo/GIGA/data/urdfs/packed/train/PowderedSugarMill_800_tex_visual.obj (1.0)
/lustre/fswork/projects/rech/tya/ubn15wo/GIGA/data/urdfs/packed/train/RavioliLarge_800_tex_visual.obj (0.7)
/lustre/fswork/projects/rech/tya/ubn15wo/GIGA/data/urdfs/packed/train/RavioliLarge_800_tex_visual.obj (0.85)
/lustre/fswork/projects/rech/tya/ubn15wo/GIGA/data/urdfs/packed/train/RavioliLarge_800_tex_visual.obj (1.0)
/lustre/fswork/projects/rech/tya/ubn15wo/GIGA/data/urdfs/packed/train/RuskWholemeal_800_tex_visual.obj (0.7)
/lustre/fswork/projects/rech/tya/ubn15wo/GIGA/data/urdfs/packed/train/RuskWholemeal_800_tex_visual.obj (0.85)
/lustre/fswork/projects/rech/tya/ubn15wo/GIGA/data/urdfs/packed/train/RuskWholemeal_800_tex_visual.obj (1.0)
/lustre/fswork/projects/rech/tya/ubn15wo/GIGA/data/urdfs/packed/train/Rusk_800_tex_visual.obj (0.7)
/lustre/fswork/projects/rech/tya/ubn15wo/GIGA/data/urdfs/packed/train/Rusk_800_tex_visual.obj (0.85)
/lustre/fswork/projects/rech/tya/ubn15wo/GIGA/data/urdfs/packed/train/Rusk_800_tex_visual.obj (1.0)
/lustre/fswork/projects/rech/tya/ubn15wo/GIGA/data/urdfs/packed/train/RedCup_800_tex_visual.obj (0.7)
/lustre/fswork/projects/rech/tya/ubn15wo/GIGA/data/urdfs/packed/train/RedCup_800_tex_visual.obj (0.85)
/lustre/fswork/projects/rech/tya/ubn15wo/GIGA/data/urdfs/packed/train/RedCup_800_tex_visual.obj (1.0)
/lustre/fswork/projects/rech/tya/ubn15wo/GIGA/data/urdfs/packed/train/SauceThickener_800_tex_visual.obj (0.7)
/lustre/fswork/projects/rech/tya/ubn15wo/GIGA/data/urdfs/packed/train/SauceThickener_800_tex_visual.obj (0.85)
/lustre/fswork/projects/rech/tya/ubn15wo/GIGA/data/urdfs/packed/train/SauceThickener_800_tex_visual.obj (1.0)
/lustre/fswork/projects/rech/tya/ubn15wo/GIGA/data/urdfs/packed/train/SauerkrautSmall_800_tex_visual.obj (0.7)
/lustre/fswork/projects/rech/tya/ubn15wo/GIGA/data/urdfs/packed/train/SauerkrautSmall_800_tex_visual.obj (0.85)
/lustre/fswork/projects/rech/tya/ubn15wo/GIGA/data/urdfs/packed/train/SauerkrautSmall_800_tex_visual.obj (1.0)
/lustre/fswork/projects/rech/tya/ubn15wo/GIGA/data/urdfs/packed/train/SoftCheese_800_tex_visual.obj (0.7)
/lustre/fswork/projects/rech/tya/ubn15wo/GIGA/data/urdfs/packed/train/SoftCheese_800_tex_visual.obj (0.85)
/lustre/fswork/projects/rech/tya/ubn15wo/GIGA/data/urdfs/packed/train/SoftCheese_800_tex_visual.obj (1.0)
/lustre/fswork/projects/rech/tya/ubn15wo/GIGA/data/urdfs/packed/train/ShowerGel_800_tex_visual.obj (0.7)
/lustre/fswork/projects/rech/tya/ubn15wo/GIGA/data/urdfs/packed/train/ShowerGel_800_tex_visual.obj (0.85)
/lustre/fswork/projects/rech/tya/ubn15wo/GIGA/data/urdfs/packed/train/ShowerGel_800_tex_visual.obj (1.0)
/lustre/fswork/projects/rech/tya/ubn15wo/GIGA/data/urdfs/packed/train/Sauerkraut_800_tex_visual.obj (0.7)
/lustre/fswork/projects/rech/tya/ubn15wo/GIGA/data/urdfs/packed/train/Sauerkraut_800_tex_visual.obj (0.85)
/lustre/fswork/projects/rech/tya/ubn15wo/GIGA/data/urdfs/packed/train/Sauerkraut_800_tex_visual.obj (1.0)
/lustre/fswork/projects/rech/tya/ubn15wo/GIGA/data/urdfs/packed/train/Shampoo_800_tex_visual.obj (0.7)
/lustre/fswork/projects/rech/tya/ubn15wo/GIGA/data/urdfs/packed/train/Shampoo_800_tex_visual.obj (0.85)
/lustre/fswork/projects/rech/tya/ubn15wo/GIGA/data/urdfs/packed/train/Shampoo_800_tex_visual.obj (1.0)
/lustre/fswork/projects/rech/tya/ubn15wo/GIGA/data/urdfs/packed/train/TomatoHerbSauce_800_tex_visual.obj (0.7)
/lustre/fswork/projects/rech/tya/ubn15wo/GIGA/data/urdfs/packed/train/TomatoHerbSauce_800_tex_visual.obj (0.85)
/lustre/fswork/projects/rech/tya/ubn15wo/GIGA/data/urdfs/packed/train/TomatoHerbSauce_800_tex_visual.obj (1.0)
/lustre/fswork/projects/rech/tya/ubn15wo/GIGA/data/urdfs/packed/train/Sweetener_800_tex_visual.obj (0.7)
/lustre/fswork/projects/rech/tya/ubn15wo/GIGA/data/urdfs/packed/train/Sweetener_800_tex_visual.obj (0.85)
/lustre/fswork/projects/rech/tya/ubn15wo/GIGA/data/urdfs/packed/train/Sweetener_800_tex_visual.obj (1.0)
/lustre/fswork/projects/rech/tya/ubn15wo/GIGA/data/urdfs/packed/train/Sprudelflasche_800_tex_visual.obj (0.7)
/lustre/fswork/projects/rech/tya/ubn15wo/GIGA/data/urdfs/packed/train/Sprudelflasche_800_tex_visual.obj (0.85)
/lustre/fswork/projects/rech/tya/ubn15wo/GIGA/data/urdfs/packed/train/Sprudelflasche_800_tex_visual.obj (1.0)
/lustre/fswork/projects/rech/tya/ubn15wo/GIGA/data/urdfs/packed/train/TomatoSauce_800_tex_visual.obj (0.7)
/lustre/fswork/projects/rech/tya/ubn15wo/GIGA/data/urdfs/packed/train/TomatoSauce_800_tex_visual.obj (0.85)
/lustre/fswork/projects/rech/tya/ubn15wo/GIGA/data/urdfs/packed/train/TomatoSauce_800_tex_visual.obj (1.0)
/lustre/fswork/projects/rech/tya/ubn15wo/GIGA/data/urdfs/packed/train/VitalisCereals_800_tex_visual.obj (0.7)
/lustre/fswork/projects/rech/tya/ubn15wo/GIGA/data/urdfs/packed/train/VitalisCereals_800_tex_visual.obj (0.85)
/lustre/fswork/projects/rech/tya/ubn15wo/GIGA/data/urdfs/packed/train/VitalisCereals_800_tex_visual.obj (1.0)
/lustre/fswork/projects/rech/tya/ubn15wo/GIGA/data/urdfs/packed/train/WhippedCream2_800_tex_visual.obj (0.7)
/lustre/fswork/projects/rech/tya/ubn15wo/GIGA/data/urdfs/packed/train/WhippedCream2_800_tex_visual.obj (0.85)
/lustre/fswork/projects/rech/tya/ubn15wo/GIGA/data/urdfs/packed/train/WhippedCream2_800_tex_visual.obj (1.0)
/lustre/fswork/projects/rech/tya/ubn15wo/GIGA/data/urdfs/packed/train/WhippedCream_800_tex_visual.obj (0.7)
/lustre/fswork/projects/rech/tya/ubn15wo/GIGA/data/urdfs/packed/train/WhippedCream_800_tex_visual.obj (0.85)
/lustre/fswork/projects/rech/tya/ubn15wo/GIGA/data/urdfs/packed/train/WhippedCream_800_tex_visual.obj (1.0)
/lustre/fswork/projects/rech/tya/ubn15wo/GIGA/data/urdfs/packed/train/YellowSaltCube2_800_tex_visual.obj (0.7)
/lustre/fswork/projects/rech/tya/ubn15wo/GIGA/data/urdfs/packed/train/YellowSaltCube2_800_tex_visual.obj (0.85)
/lustre/fswork/projects/rech/tya/ubn15wo/GIGA/data/urdfs/packed/train/YellowSaltCube2_800_tex_visual.obj (1.0)
/lustre/fswork/projects/rech/tya/ubn15wo/GIGA/data/urdfs/packed/train/YellowSaltCube_800_tex_visual.obj (0.7)
/lustre/fswork/projects/rech/tya/ubn15wo/GIGA/data/urdfs/packed/train/YellowSaltCube_800_tex_visual.obj (0.85)
/lustre/fswork/projects/rech/tya/ubn15wo/GIGA/data/urdfs/packed/train/YellowSaltCube_800_tex_visual.obj (1.0)
/lustre/fswork/projects/rech/tya/ubn15wo/GIGA/data/urdfs/packed/train/YellowSaltCylinderSmall_800_tex_visual.obj (0.7)
/lustre/fswork/projects/rech/tya/ubn15wo/GIGA/data/urdfs/packed/train/YellowSaltCylinderSmall_800_tex_visual.obj (0.85)
/lustre/fswork/projects/rech/tya/ubn15wo/GIGA/data/urdfs/packed/train/YellowSaltCylinderSmall_800_tex_visual.obj (1.0)
/lustre/fswork/projects/rech/tya/ubn15wo/GIGA/data/urdfs/packed/train/YellowSaltCylinder_800_tex_visual.obj (0.7)
/lustre/fswork/projects/rech/tya/ubn15wo/GIGA/data/urdfs/packed/train/YellowSaltCylinder_800_tex_visual.obj (0.85)
/lustre/fswork/projects/rech/tya/ubn15wo/GIGA/data/urdfs/packed/train/YellowSaltCylinder_800_tex_visual.obj (1.0)
/lustre/fswork/projects/rech/tya/ubn15wo/GIGA/data/urdfs/packed/train/advil_liqui_gels_visual.obj (0.7)
/lustre/fswork/projects/rech/tya/ubn15wo/GIGA/data/urdfs/packed/train/advil_liqui_gels_visual.obj (0.85)
/lustre/fswork/projects/rech/tya/ubn15wo/GIGA/data/urdfs/packed/train/advil_liqui_gels_visual.obj (1.0)
/lustre/fswork/projects/rech/tya/ubn15wo/GIGA/data/urdfs/packed/train/apple_visual.obj (0.7)
/lustre/fswork/projects/rech/tya/ubn15wo/GIGA/data/urdfs/packed/train/apple_visual.obj (0.85)
/lustre/fswork/projects/rech/tya/ubn15wo/GIGA/data/urdfs/packed/train/apple_visual.obj (1.0)
/lustre/fswork/projects/rech/tya/ubn15wo/GIGA/data/urdfs/packed/train/band_aid_sheer_strips_visual.obj (0.7)
/lustre/fswork/projects/rech/tya/ubn15wo/GIGA/data/urdfs/packed/train/band_aid_sheer_strips_visual.obj (0.85)
/lustre/fswork/projects/rech/tya/ubn15wo/GIGA/data/urdfs/packed/train/band_aid_sheer_strips_visual.obj (1.0)
/lustre/fswork/projects/rech/tya/ubn15wo/GIGA/data/urdfs/packed/train/bleach_cleanser_visual.obj (0.7)
/lustre/fswork/projects/rech/tya/ubn15wo/GIGA/data/urdfs/packed/train/bleach_cleanser_visual.obj (0.85)
/lustre/fswork/projects/rech/tya/ubn15wo/GIGA/data/urdfs/packed/train/bleach_cleanser_visual.obj (1.0)
/lustre/fswork/projects/rech/tya/ubn15wo/GIGA/data/urdfs/packed/train/campbells_chicken_noodle_soup_visual.obj (0.7)
/lustre/fswork/projects/rech/tya/ubn15wo/GIGA/data/urdfs/packed/train/campbells_chicken_noodle_soup_visual.obj (0.85)
/lustre/fswork/projects/rech/tya/ubn15wo/GIGA/data/urdfs/packed/train/campbells_chicken_noodle_soup_visual.obj (1.0)
/lustre/fswork/projects/rech/tya/ubn15wo/GIGA/data/urdfs/packed/train/campbells_soup_at_hand_creamy_tomato_visual.obj (0.7)
/lustre/fswork/projects/rech/tya/ubn15wo/GIGA/data/urdfs/packed/train/campbells_soup_at_hand_creamy_tomato_visual.obj (0.85)
/lustre/fswork/projects/rech/tya/ubn15wo/GIGA/data/urdfs/packed/train/campbells_soup_at_hand_creamy_tomato_visual.obj (1.0)
/lustre/fswork/projects/rech/tya/ubn15wo/GIGA/data/urdfs/packed/train/chewy_dipps_chocolate_chip_visual.obj (0.7)
/lustre/fswork/projects/rech/tya/ubn15wo/GIGA/data/urdfs/packed/train/chewy_dipps_chocolate_chip_visual.obj (0.85)
/lustre/fswork/projects/rech/tya/ubn15wo/GIGA/data/urdfs/packed/train/chewy_dipps_chocolate_chip_visual.obj (1.0)
/lustre/fswork/projects/rech/tya/ubn15wo/GIGA/data/urdfs/packed/train/cheez_it_white_cheddar_visual.obj (0.7)
/lustre/fswork/projects/rech/tya/ubn15wo/GIGA/data/urdfs/packed/train/cheez_it_white_cheddar_visual.obj (0.85)
/lustre/fswork/projects/rech/tya/ubn15wo/GIGA/data/urdfs/packed/train/cheez_it_white_cheddar_visual.obj (1.0)
/lustre/fswork/projects/rech/tya/ubn15wo/GIGA/data/urdfs/packed/train/canon_ack_e10_box_visual.obj (0.7)
/lustre/fswork/projects/rech/tya/ubn15wo/GIGA/data/urdfs/packed/train/canon_ack_e10_box_visual.obj (0.85)
/lustre/fswork/projects/rech/tya/ubn15wo/GIGA/data/urdfs/packed/train/canon_ack_e10_box_visual.obj (1.0)
/lustre/fswork/projects/rech/tya/ubn15wo/GIGA/data/urdfs/packed/train/chewy_dipps_peanut_butter_visual.obj (0.7)
/lustre/fswork/projects/rech/tya/ubn15wo/GIGA/data/urdfs/packed/train/chewy_dipps_peanut_butter_visual.obj (0.85)
/lustre/fswork/projects/rech/tya/ubn15wo/GIGA/data/urdfs/packed/train/chewy_dipps_peanut_butter_visual.obj (1.0)
/lustre/fswork/projects/rech/tya/ubn15wo/GIGA/data/urdfs/packed/train/cinnamon_toast_crunch_visual.obj (0.7)
/lustre/fswork/projects/rech/tya/ubn15wo/GIGA/data/urdfs/packed/train/cinnamon_toast_crunch_visual.obj (0.85)
/lustre/fswork/projects/rech/tya/ubn15wo/GIGA/data/urdfs/packed/train/cinnamon_toast_crunch_visual.obj (1.0)
/lustre/fswork/projects/rech/tya/ubn15wo/GIGA/data/urdfs/packed/train/clif_crunch_chocolate_chip_visual.obj (0.7)
/lustre/fswork/projects/rech/tya/ubn15wo/GIGA/data/urdfs/packed/train/clif_crunch_chocolate_chip_visual.obj (0.85)
/lustre/fswork/projects/rech/tya/ubn15wo/GIGA/data/urdfs/packed/train/clif_crunch_chocolate_chip_visual.obj (1.0)
/lustre/fswork/projects/rech/tya/ubn15wo/GIGA/data/urdfs/packed/train/coffee_mate_french_vanilla_visual.obj (0.7)
/lustre/fswork/projects/rech/tya/ubn15wo/GIGA/data/urdfs/packed/train/coffee_mate_french_vanilla_visual.obj (0.85)
/lustre/fswork/projects/rech/tya/ubn15wo/GIGA/data/urdfs/packed/train/coffee_mate_french_vanilla_visual.obj (1.0)
/lustre/fswork/projects/rech/tya/ubn15wo/GIGA/data/urdfs/packed/train/crystal_hot_sauce_visual.obj (0.7)
/lustre/fswork/projects/rech/tya/ubn15wo/GIGA/data/urdfs/packed/train/crystal_hot_sauce_visual.obj (0.85)
/lustre/fswork/projects/rech/tya/ubn15wo/GIGA/data/urdfs/packed/train/crystal_hot_sauce_visual.obj (1.0)
/lustre/fswork/projects/rech/tya/ubn15wo/GIGA/data/urdfs/packed/train/cup_noodles_chicken_visual.obj (0.7)
/lustre/fswork/projects/rech/tya/ubn15wo/GIGA/data/urdfs/packed/train/cup_noodles_chicken_visual.obj (0.85)
/lustre/fswork/projects/rech/tya/ubn15wo/GIGA/data/urdfs/packed/train/cup_noodles_chicken_visual.obj (1.0)
/lustre/fswork/projects/rech/tya/ubn15wo/GIGA/data/urdfs/packed/train/extra_large_clamp_visual.obj (0.7)
/lustre/fswork/projects/rech/tya/ubn15wo/GIGA/data/urdfs/packed/train/extra_large_clamp_visual.obj (0.85)
/lustre/fswork/projects/rech/tya/ubn15wo/GIGA/data/urdfs/packed/train/extra_large_clamp_visual.obj (1.0)
/lustre/fswork/projects/rech/tya/ubn15wo/GIGA/data/urdfs/packed/train/detergent_visual.obj (0.7)
/lustre/fswork/projects/rech/tya/ubn15wo/GIGA/data/urdfs/packed/train/detergent_visual.obj (0.85)
/lustre/fswork/projects/rech/tya/ubn15wo/GIGA/data/urdfs/packed/train/detergent_visual.obj (1.0)
/lustre/fswork/projects/rech/tya/ubn15wo/GIGA/data/urdfs/packed/train/dove_beauty_cream_bar_visual.obj (0.7)
/lustre/fswork/projects/rech/tya/ubn15wo/GIGA/data/urdfs/packed/train/dove_beauty_cream_bar_visual.obj (0.85)
/lustre/fswork/projects/rech/tya/ubn15wo/GIGA/data/urdfs/packed/train/dove_beauty_cream_bar_visual.obj (1.0)
/lustre/fswork/projects/rech/tya/ubn15wo/GIGA/data/urdfs/packed/train/haagen_dazs_butter_pecan_visual.obj (0.7)
/lustre/fswork/projects/rech/tya/ubn15wo/GIGA/data/urdfs/packed/train/haagen_dazs_butter_pecan_visual.obj (0.85)
/lustre/fswork/projects/rech/tya/ubn15wo/GIGA/data/urdfs/packed/train/haagen_dazs_butter_pecan_visual.obj (1.0)
/lustre/fswork/projects/rech/tya/ubn15wo/GIGA/data/urdfs/packed/train/fruit_by_the_foot_visual.obj (0.7)
/lustre/fswork/projects/rech/tya/ubn15wo/GIGA/data/urdfs/packed/train/fruit_by_the_foot_visual.obj (0.85)
/lustre/fswork/projects/rech/tya/ubn15wo/GIGA/data/urdfs/packed/train/fruit_by_the_foot_visual.obj (1.0)
/lustre/fswork/projects/rech/tya/ubn15wo/GIGA/data/urdfs/packed/train/haagen_dazs_cookie_dough_visual.obj (0.7)
/lustre/fswork/projects/rech/tya/ubn15wo/GIGA/data/urdfs/packed/train/haagen_dazs_cookie_dough_visual.obj (0.85)
/lustre/fswork/projects/rech/tya/ubn15wo/GIGA/data/urdfs/packed/train/haagen_dazs_cookie_dough_visual.obj (1.0)
/lustre/fswork/projects/rech/tya/ubn15wo/GIGA/data/urdfs/packed/train/hersheys_cocoa_visual.obj (0.7)
/lustre/fswork/projects/rech/tya/ubn15wo/GIGA/data/urdfs/packed/train/hersheys_cocoa_visual.obj (0.85)
/lustre/fswork/projects/rech/tya/ubn15wo/GIGA/data/urdfs/packed/train/hersheys_cocoa_visual.obj (1.0)
/lustre/fswork/projects/rech/tya/ubn15wo/GIGA/data/urdfs/packed/train/hunts_paste_visual.obj (0.7)
/lustre/fswork/projects/rech/tya/ubn15wo/GIGA/data/urdfs/packed/train/hunts_paste_visual.obj (0.85)
/lustre/fswork/projects/rech/tya/ubn15wo/GIGA/data/urdfs/packed/train/hunts_paste_visual.obj (1.0)
/lustre/fswork/projects/rech/tya/ubn15wo/GIGA/data/urdfs/packed/train/krylon_crystal_clear_visual.obj (0.7)
/lustre/fswork/projects/rech/tya/ubn15wo/GIGA/data/urdfs/packed/train/krylon_crystal_clear_visual.obj (0.85)
/lustre/fswork/projects/rech/tya/ubn15wo/GIGA/data/urdfs/packed/train/krylon_crystal_clear_visual.obj (1.0)
/lustre/fswork/projects/rech/tya/ubn15wo/GIGA/data/urdfs/packed/train/motts_original_assorted_fruit_visual.obj (0.7)
/lustre/fswork/projects/rech/tya/ubn15wo/GIGA/data/urdfs/packed/train/motts_original_assorted_fruit_visual.obj (0.85)
/lustre/fswork/projects/rech/tya/ubn15wo/GIGA/data/urdfs/packed/train/motts_original_assorted_fruit_visual.obj (1.0)
/lustre/fswork/projects/rech/tya/ubn15wo/GIGA/data/urdfs/packed/train/mug_visual.obj (0.7)
/lustre/fswork/projects/rech/tya/ubn15wo/GIGA/data/urdfs/packed/train/mug_visual.obj (0.85)
/lustre/fswork/projects/rech/tya/ubn15wo/GIGA/data/urdfs/packed/train/mug_visual.obj (1.0)
/lustre/fswork/projects/rech/tya/ubn15wo/GIGA/data/urdfs/packed/train/krylon_short_cuts_visual.obj (0.7)
/lustre/fswork/projects/rech/tya/ubn15wo/GIGA/data/urdfs/packed/train/krylon_short_cuts_visual.obj (0.85)
/lustre/fswork/projects/rech/tya/ubn15wo/GIGA/data/urdfs/packed/train/krylon_short_cuts_visual.obj (1.0)
/lustre/fswork/projects/rech/tya/ubn15wo/GIGA/data/urdfs/packed/train/mustard_bottle_visual.obj (0.7)
/lustre/fswork/projects/rech/tya/ubn15wo/GIGA/data/urdfs/packed/train/mustard_bottle_visual.obj (0.85)
/lustre/fswork/projects/rech/tya/ubn15wo/GIGA/data/urdfs/packed/train/mustard_bottle_visual.obj (1.0)
/lustre/fswork/projects/rech/tya/ubn15wo/GIGA/data/urdfs/packed/train/nutrigrain_apple_cinnamon_visual.obj (0.7)
/lustre/fswork/projects/rech/tya/ubn15wo/GIGA/data/urdfs/packed/train/nutrigrain_apple_cinnamon_visual.obj (0.85)
/lustre/fswork/projects/rech/tya/ubn15wo/GIGA/data/urdfs/packed/train/nutrigrain_apple_cinnamon_visual.obj (1.0)
/lustre/fswork/projects/rech/tya/ubn15wo/GIGA/data/urdfs/packed/train/nice_honey_roasted_almonds_visual.obj (0.7)
/lustre/fswork/projects/rech/tya/ubn15wo/GIGA/data/urdfs/packed/train/nice_honey_roasted_almonds_visual.obj (0.85)
/lustre/fswork/projects/rech/tya/ubn15wo/GIGA/data/urdfs/packed/train/nice_honey_roasted_almonds_visual.obj (1.0)
/lustre/fswork/projects/rech/tya/ubn15wo/GIGA/data/urdfs/packed/train/pear_visual.obj (0.7)
/lustre/fswork/projects/rech/tya/ubn15wo/GIGA/data/urdfs/packed/train/pear_visual.obj (0.85)
/lustre/fswork/projects/rech/tya/ubn15wo/GIGA/data/urdfs/packed/train/pear_visual.obj (1.0)
/lustre/fswork/projects/rech/tya/ubn15wo/GIGA/data/urdfs/packed/train/pepto_bismol_visual.obj (0.7)
/lustre/fswork/projects/rech/tya/ubn15wo/GIGA/data/urdfs/packed/train/pepto_bismol_visual.obj (0.85)
/lustre/fswork/projects/rech/tya/ubn15wo/GIGA/data/urdfs/packed/train/pepto_bismol_visual.obj (1.0)
/lustre/fswork/projects/rech/tya/ubn15wo/GIGA/data/urdfs/packed/train/pop_secret_light_butter_visual.obj (0.7)
/lustre/fswork/projects/rech/tya/ubn15wo/GIGA/data/urdfs/packed/train/pop_secret_light_butter_visual.obj (0.85)
/lustre/fswork/projects/rech/tya/ubn15wo/GIGA/data/urdfs/packed/train/pop_secret_light_butter_visual.obj (1.0)
/lustre/fswork/projects/rech/tya/ubn15wo/GIGA/data/urdfs/packed/train/pop_tarts_strawberry_visual.obj (0.7)
/lustre/fswork/projects/rech/tya/ubn15wo/GIGA/data/urdfs/packed/train/pop_tarts_strawberry_visual.obj (0.85)
/lustre/fswork/projects/rech/tya/ubn15wo/GIGA/data/urdfs/packed/train/pop_tarts_strawberry_visual.obj (1.0)
